2016-09-12 20:23:26,108	acquire.py	INFO	69	Starting new record session
2016-09-12 20:23:26,108	acquire.py	INFO	74	Open camera device, apply, and load recording settings
2016-09-12 20:23:28,655	ffe.py	INFO	145	Camera	Resolution: 640 × 480
2016-09-12 20:23:28,875	ffe.py	INFO	146	Camera	Brightness: 100
2016-09-12 20:23:28,905	ffe.py	INFO	147	Camera	Contrast:   100
2016-09-12 20:23:28,921	ffe.py	INFO	148	Camera	Saturation: 150
2016-09-12 20:23:28,937	ffe.py	INFO	149	Camera	Sharpness:  150
2016-09-12 20:23:28,967	ffe.py	INFO	150	Camera	Gain:       6
2016-09-12 20:23:28,967	ffe.py	INFO	151	Camera	Hue:        13
2016-09-12 20:23:29,000	ffe.py	INFO	152	Camera	Backlight:  0
2016-09-12 20:23:29,030	ffe.py	INFO	153	Camera	Exposure:   -9.0
2016-09-12 20:23:29,030	acquire.py	INFO	96	Camera is working
2016-09-12 20:23:29,030	ffe.py	INFO	165	Recording channels (green).
2016-09-12 20:23:29,030	ffe.py	INFO	166	Images will be integrated over 5.0s. Images are not flipped
2016-09-12 20:23:29,046	ffe.py	INFO	197	Output name: Flow test channel 4
2016-09-12 20:23:29,046	ffe.py	INFO	198	Output rootdir: E:\Temp
2016-09-12 20:23:29,046	ffe.py	INFO	199	Output data: Temiska-2
2016-09-12 20:23:29,046	ffe.py	INFO	200	Output data: 
2016-09-12 20:23:29,046	ffe.py	INFO	201	Output video: XVID with 12 FPS
2016-09-12 20:23:29,046	ffe.py	INFO	202	Output a snapshot every 3 frames
2016-09-12 20:23:29,046	ffe.py	INFO	207	Recording will scale the channels individually.
2016-09-12 20:23:29,046	ffe.py	INFO	211	Background will not be subtracted from the frames.
2016-09-12 20:23:29,046	acquire.py	INFO	140	Created folder 'E:\Temp/2016-09-12 20-23 - Flow test channel 4'
2016-09-12 20:23:29,046	acquire.py	INFO	145	Trying to record background image
2016-09-12 20:23:37,953	acquire.py	INFO	189	Recorded and saved background image.
2016-09-12 20:23:37,953	acquire.py	INFO	194	Starting video recorder
2016-09-12 20:23:37,983	acquire.py	INFO	210	Start recording
2016-09-12 20:23:43,092	acquire.py	INFO	302	21 frames acquired at 5.1s
2016-09-12 20:23:48,217	acquire.py	INFO	302	41 frames acquired at 10.2s
2016-09-12 20:23:53,358	acquire.py	INFO	302	61 frames acquired at 15.4s
2016-09-12 20:23:53,375	acquire.py	INFO	322	Frame was saved as out0001.FFE.png and in video file
2016-09-12 20:23:58,467	acquire.py	INFO	302	81 frames acquired at 20.5s
2016-09-12 20:24:03,608	acquire.py	INFO	302	101 frames acquired at 25.6s
2016-09-12 20:24:08,733	acquire.py	INFO	302	121 frames acquired at 30.7s
2016-09-12 20:24:08,750	acquire.py	INFO	322	Frame was saved as out0002.FFE.png and in video file
2016-09-12 20:24:13,842	acquire.py	INFO	302	141 frames acquired at 35.9s
2016-09-12 20:24:18,983	acquire.py	INFO	302	161 frames acquired at 41.0s
2016-09-12 20:24:24,108	acquire.py	INFO	302	181 frames acquired at 46.1s
2016-09-12 20:24:24,125	acquire.py	INFO	322	Frame was saved as out0003.FFE.png and in video file
2016-09-12 20:24:29,233	acquire.py	INFO	302	201 frames acquired at 51.3s
2016-09-12 20:24:34,358	acquire.py	INFO	302	221 frames acquired at 56.4s
2016-09-12 20:24:39,500	acquire.py	INFO	302	241 frames acquired at 61.5s
2016-09-12 20:24:39,562	acquire.py	INFO	322	Frame was saved as out0004.FFE.png and in video file
2016-09-12 20:24:44,625	acquire.py	INFO	302	261 frames acquired at 66.6s
2016-09-12 20:24:49,750	acquire.py	INFO	302	281 frames acquired at 71.8s
2016-09-12 20:24:54,875	acquire.py	INFO	302	301 frames acquired at 76.9s
2016-09-12 20:24:54,890	acquire.py	INFO	322	Frame was saved as out0005.FFE.png and in video file
2016-09-12 20:25:00,000	acquire.py	INFO	302	321 frames acquired at 82.0s
2016-09-12 20:25:05,125	acquire.py	INFO	302	341 frames acquired at 87.1s
2016-09-12 20:25:10,250	acquire.py	INFO	302	361 frames acquired at 92.3s
2016-09-12 20:25:10,265	acquire.py	INFO	322	Frame was saved as out0006.FFE.png and in video file
2016-09-12 20:25:15,390	acquire.py	INFO	302	381 frames acquired at 97.4s
2016-09-12 20:25:20,500	acquire.py	INFO	302	401 frames acquired at 102.5s
2016-09-12 20:25:25,640	acquire.py	INFO	302	421 frames acquired at 107.7s
2016-09-12 20:25:25,671	acquire.py	INFO	322	Frame was saved as out0007.FFE.png and in video file
2016-09-12 20:25:30,765	acquire.py	INFO	302	441 frames acquired at 112.8s
2016-09-12 20:25:35,890	acquire.py	INFO	302	461 frames acquired at 117.9s
2016-09-12 20:25:41,015	acquire.py	INFO	302	481 frames acquired at 123.0s
2016-09-12 20:25:41,030	acquire.py	INFO	322	Frame was saved as out0008.FFE.png and in video file
2016-09-12 20:25:46,140	acquire.py	INFO	302	501 frames acquired at 128.2s
2016-09-12 20:25:51,280	acquire.py	INFO	302	521 frames acquired at 133.3s
2016-09-12 20:25:56,390	acquire.py	INFO	302	541 frames acquired at 138.4s
2016-09-12 20:25:56,405	acquire.py	INFO	322	Frame was saved as out0009.FFE.png and in video file
2016-09-12 20:26:01,530	acquire.py	INFO	302	561 frames acquired at 143.5s
2016-09-12 20:26:06,655	acquire.py	INFO	302	581 frames acquired at 148.7s
2016-09-12 20:26:11,796	acquire.py	INFO	302	601 frames acquired at 153.8s
2016-09-12 20:26:11,812	acquire.py	INFO	322	Frame was saved as out0010.FFE.png and in video file
2016-09-12 20:26:16,905	acquire.py	INFO	302	621 frames acquired at 158.9s
2016-09-12 20:26:22,030	acquire.py	INFO	302	641 frames acquired at 164.0s
2016-09-12 20:26:27,171	acquire.py	INFO	302	661 frames acquired at 169.2s
2016-09-12 20:26:27,187	acquire.py	INFO	322	Frame was saved as out0011.FFE.png and in video file
2016-09-12 20:26:32,280	acquire.py	INFO	302	681 frames acquired at 174.3s
2016-09-12 20:26:37,421	acquire.py	INFO	302	701 frames acquired at 179.4s
2016-09-12 20:26:42,546	acquire.py	INFO	302	721 frames acquired at 184.6s
2016-09-12 20:26:42,562	acquire.py	INFO	322	Frame was saved as out0012.FFE.png and in video file
2016-09-12 20:26:47,671	acquire.py	INFO	302	741 frames acquired at 189.7s
2016-09-12 20:26:52,796	acquire.py	INFO	302	761 frames acquired at 194.8s
2016-09-12 20:26:57,921	acquire.py	INFO	302	781 frames acquired at 199.9s
2016-09-12 20:26:57,953	acquire.py	INFO	322	Frame was saved as out0013.FFE.png and in video file
2016-09-12 20:27:03,046	acquire.py	INFO	302	801 frames acquired at 205.1s
2016-09-12 20:27:08,171	acquire.py	INFO	302	821 frames acquired at 210.2s
2016-09-12 20:27:13,312	acquire.py	INFO	302	841 frames acquired at 215.3s
2016-09-12 20:27:13,328	acquire.py	INFO	322	Frame was saved as out0014.FFE.png and in video file
2016-09-12 20:27:18,437	acquire.py	INFO	302	861 frames acquired at 220.4s
2016-09-12 20:27:23,562	acquire.py	INFO	302	881 frames acquired at 225.6s
2016-09-12 20:27:28,687	acquire.py	INFO	302	901 frames acquired at 230.7s
2016-09-12 20:27:28,703	acquire.py	INFO	322	Frame was saved as out0015.FFE.png and in video file
2016-09-12 20:27:33,812	acquire.py	INFO	302	921 frames acquired at 235.8s
2016-09-12 20:27:38,937	acquire.py	INFO	302	941 frames acquired at 241.0s
2016-09-12 20:27:44,062	acquire.py	INFO	302	961 frames acquired at 246.1s
2016-09-12 20:27:44,092	acquire.py	INFO	322	Frame was saved as out0016.FFE.png and in video file
2016-09-12 20:27:49,203	acquire.py	INFO	302	981 frames acquired at 251.2s
2016-09-12 20:27:54,312	acquire.py	INFO	302	1001 frames acquired at 256.3s
2016-09-12 20:27:59,453	acquire.py	INFO	302	1021 frames acquired at 261.5s
2016-09-12 20:27:59,483	acquire.py	INFO	322	Frame was saved as out0017.FFE.png and in video file
2016-09-12 20:28:04,578	acquire.py	INFO	302	1041 frames acquired at 266.6s
2016-09-12 20:28:09,703	acquire.py	INFO	302	1061 frames acquired at 271.7s
2016-09-12 20:28:14,828	acquire.py	INFO	302	1081 frames acquired at 276.8s
2016-09-12 20:28:14,842	acquire.py	INFO	322	Frame was saved as out0018.FFE.png and in video file
2016-09-12 20:28:19,953	acquire.py	INFO	302	1101 frames acquired at 282.0s
2016-09-12 20:28:25,092	acquire.py	INFO	302	1121 frames acquired at 287.1s
2016-09-12 20:28:30,217	acquire.py	INFO	302	1141 frames acquired at 292.2s
2016-09-12 20:28:30,250	acquire.py	INFO	322	Frame was saved as out0019.FFE.png and in video file
2016-09-12 20:28:35,342	acquire.py	INFO	302	1161 frames acquired at 297.4s
2016-09-12 20:28:40,467	acquire.py	INFO	302	1181 frames acquired at 302.5s
2016-09-12 20:28:45,592	acquire.py	INFO	302	1201 frames acquired at 307.6s
2016-09-12 20:28:45,655	acquire.py	INFO	322	Frame was saved as out0020.FFE.png and in video file
2016-09-12 20:28:50,717	acquire.py	INFO	302	1221 frames acquired at 312.7s
2016-09-12 20:28:55,842	acquire.py	INFO	302	1241 frames acquired at 317.9s
2016-09-12 20:29:00,983	acquire.py	INFO	302	1261 frames acquired at 323.0s
2016-09-12 20:29:01,000	acquire.py	INFO	322	Frame was saved as out0021.FFE.png and in video file
2016-09-12 20:29:06,092	acquire.py	INFO	302	1281 frames acquired at 328.1s
2016-09-12 20:29:11,233	acquire.py	INFO	302	1301 frames acquired at 333.2s
2016-09-12 20:29:16,358	acquire.py	INFO	302	1321 frames acquired at 338.4s
2016-09-12 20:29:16,390	acquire.py	INFO	322	Frame was saved as out0022.FFE.png and in video file
2016-09-12 20:29:21,483	acquire.py	INFO	302	1341 frames acquired at 343.5s
2016-09-12 20:29:26,608	acquire.py	INFO	302	1361 frames acquired at 348.6s
2016-09-12 20:29:31,750	acquire.py	INFO	302	1381 frames acquired at 353.8s
2016-09-12 20:29:31,765	acquire.py	INFO	322	Frame was saved as out0023.FFE.png and in video file
2016-09-12 20:29:36,858	acquire.py	INFO	302	1401 frames acquired at 358.9s
2016-09-12 20:29:41,983	acquire.py	INFO	302	1421 frames acquired at 364.0s
2016-09-12 20:29:47,125	acquire.py	INFO	302	1441 frames acquired at 369.1s
2016-09-12 20:29:47,140	acquire.py	INFO	322	Frame was saved as out0024.FFE.png and in video file
2016-09-12 20:29:52,233	acquire.py	INFO	302	1461 frames acquired at 374.3s
2016-09-12 20:29:57,375	acquire.py	INFO	302	1481 frames acquired at 379.4s
2016-09-12 20:30:02,500	acquire.py	INFO	302	1501 frames acquired at 384.5s
2016-09-12 20:30:02,530	acquire.py	INFO	322	Frame was saved as out0025.FFE.png and in video file
2016-09-12 20:30:07,625	acquire.py	INFO	302	1521 frames acquired at 389.6s
2016-09-12 20:30:12,750	acquire.py	INFO	302	1541 frames acquired at 394.8s
2016-09-12 20:30:17,875	acquire.py	INFO	302	1561 frames acquired at 399.9s
2016-09-12 20:30:17,890	acquire.py	INFO	322	Frame was saved as out0026.FFE.png and in video file
2016-09-12 20:30:23,015	acquire.py	INFO	302	1581 frames acquired at 405.0s
2016-09-12 20:30:28,125	acquire.py	INFO	302	1601 frames acquired at 410.1s
2016-09-12 20:30:33,265	acquire.py	INFO	302	1621 frames acquired at 415.3s
2016-09-12 20:30:33,280	acquire.py	INFO	322	Frame was saved as out0027.FFE.png and in video file
2016-09-12 20:30:38,390	acquire.py	INFO	302	1641 frames acquired at 420.4s
2016-09-12 20:30:43,515	acquire.py	INFO	302	1661 frames acquired at 425.5s
2016-09-12 20:30:48,640	acquire.py	INFO	302	1681 frames acquired at 430.7s
2016-09-12 20:30:48,703	acquire.py	INFO	322	Frame was saved as out0028.FFE.png and in video file
2016-09-12 20:30:53,765	acquire.py	INFO	302	1701 frames acquired at 435.8s
2016-09-12 20:30:58,890	acquire.py	INFO	302	1721 frames acquired at 440.9s
2016-09-12 20:31:04,015	acquire.py	INFO	302	1741 frames acquired at 446.0s
2016-09-12 20:31:04,030	acquire.py	INFO	322	Frame was saved as out0029.FFE.png and in video file
2016-09-12 20:31:09,155	acquire.py	INFO	302	1761 frames acquired at 451.2s
2016-09-12 20:31:14,265	acquire.py	INFO	302	1781 frames acquired at 456.3s
2016-09-12 20:31:19,405	acquire.py	INFO	302	1801 frames acquired at 461.4s
2016-09-12 20:31:19,421	acquire.py	INFO	322	Frame was saved as out0030.FFE.png and in video file
2016-09-12 20:31:24,530	acquire.py	INFO	302	1821 frames acquired at 466.5s
2016-09-12 20:31:29,671	acquire.py	INFO	302	1841 frames acquired at 471.7s
2016-09-12 20:31:34,780	acquire.py	INFO	302	1861 frames acquired at 476.8s
2016-09-12 20:31:34,812	acquire.py	INFO	322	Frame was saved as out0031.FFE.png and in video file
2016-09-12 20:31:39,905	acquire.py	INFO	302	1881 frames acquired at 481.9s
2016-09-12 20:31:45,046	acquire.py	INFO	302	1901 frames acquired at 487.1s
2016-09-12 20:31:50,155	acquire.py	INFO	302	1921 frames acquired at 492.2s
2016-09-12 20:31:50,187	acquire.py	INFO	322	Frame was saved as out0032.FFE.png and in video file
2016-09-12 20:31:55,296	acquire.py	INFO	302	1941 frames acquired at 497.3s
2016-09-12 20:32:00,421	acquire.py	INFO	302	1961 frames acquired at 502.4s
2016-09-12 20:32:05,562	acquire.py	INFO	302	1981 frames acquired at 507.6s
2016-09-12 20:32:05,578	acquire.py	INFO	322	Frame was saved as out0033.FFE.png and in video file
2016-09-12 20:32:10,671	acquire.py	INFO	302	2001 frames acquired at 512.7s
2016-09-12 20:32:15,796	acquire.py	INFO	302	2021 frames acquired at 517.8s
2016-09-12 20:32:20,937	acquire.py	INFO	302	2041 frames acquired at 522.9s
2016-09-12 20:32:20,953	acquire.py	INFO	322	Frame was saved as out0034.FFE.png and in video file
2016-09-12 20:32:26,046	acquire.py	INFO	302	2061 frames acquired at 528.1s
2016-09-12 20:32:31,187	acquire.py	INFO	302	2081 frames acquired at 533.2s
2016-09-12 20:32:36,312	acquire.py	INFO	302	2101 frames acquired at 538.3s
2016-09-12 20:32:36,328	acquire.py	INFO	322	Frame was saved as out0035.FFE.png and in video file
2016-09-12 20:32:41,437	acquire.py	INFO	302	2121 frames acquired at 543.5s
2016-09-12 20:32:46,562	acquire.py	INFO	302	2141 frames acquired at 548.6s
2016-09-12 20:32:51,703	acquire.py	INFO	302	2161 frames acquired at 553.7s
2016-09-12 20:32:51,750	acquire.py	INFO	322	Frame was saved as out0036.FFE.png and in video file
2016-09-12 20:32:56,812	acquire.py	INFO	302	2181 frames acquired at 558.8s
2016-09-12 20:33:01,937	acquire.py	INFO	302	2201 frames acquired at 563.9s
2016-09-12 20:33:07,078	acquire.py	INFO	302	2221 frames acquired at 569.1s
2016-09-12 20:33:07,108	acquire.py	INFO	322	Frame was saved as out0037.FFE.png and in video file
2016-09-12 20:33:09,467	acquire.py	INFO	356	Recording session ended
